# JRE version: OpenJDK Runtime Environment Microsoft-7208460 (11.0.18+10) (build 11.0.18+10-LTS)
# Java VM: OpenJDK 64-Bit Server VM Microsoft-7208460 (11.0.18+10-LTS, mixed mode, tiered, compressed oops, g1 gc, windows-amd64)
Heap:
 garbage-first heap   total 229376K, used 86132K [0x0000000720c00000, 0x0000000800000000)
  region size 1024K, 65 young (66560K), 2 survivors (2048K)
 Metaspace       used 48282K, capacity 48796K, committed 48848K, reserved 1093632K
  class space    used 5600K, capacity 5833K, committed 5884K, reserved 1048576K
GC Heap History (10 events):
Event: 2.830 GC heap before
{Heap before GC invocations=0 (full 0):
 garbage-first heap   total 229376K, used 27648K [0x0000000720c00000, 0x0000000800000000)
  region size 1024K, 24 young (24576K), 0 survivors (0K)
 Metaspace       used 12398K, capacity 12504K, committed 12800K, reserved 1060864K
  class space    used 1150K, capacity 1207K, committed 1280K, reserved 1048576K
}
Event: 2.911 GC heap after
{Heap after GC invocations=1 (full 0):
 garbage-first heap   total 229376K, used 5830K [0x0000000720c00000, 0x0000000800000000)
  region size 1024K, 3 young (3072K), 3 survivors (3072K)
 Metaspace       used 12398K, capacity 12504K, committed 12800K, reserved 1060864K
  class space    used 1150K, capacity 1207K, committed 1280K, reserved 1048576K
}
Event: 6.885 GC heap before
{Heap before GC invocations=1 (full 0):
 garbage-first heap   total 229376K, used 41670K [0x0000000720c00000, 0x0000000800000000)
  region size 1024K, 39 young (39936K), 3 survivors (3072K)
 Metaspace       used 21026K, capacity 21182K, committed 21248K, reserved 1069056K
  class space    used 2208K, capacity 2280K, committed 2304K, reserved 1048576K
}
Event: 6.902 GC heap after
{Heap after GC invocations=2 (full 0):
 garbage-first heap   total 229376K, used 9285K [0x0000000720c00000, 0x0000000800000000)
  region size 1024K, 7 young (7168K), 7 survivors (7168K)
 Metaspace       used 21026K, capacity 21182K, committed 21248K, reserved 1069056K
  class space    used 2208K, capacity 2280K, committed 2304K, reserved 1048576K
}
Event: 14.873 GC heap before
{Heap before GC invocations=3 (full 0):
 garbage-first heap   total 229376K, used 64581K [0x0000000720c00000, 0x0000000800000000)
  region size 1024K, 56 young (57344K), 7 survivors (7168K)
 Metaspace       used 32564K, capacity 32991K, committed 33148K, reserved 1079296K
  class space    used 4013K, capacity 4182K, committed 4220K, reserved 1048576K
}
Event: 14.902 GC heap after
{Heap after GC invocations=4 (full 0):
 garbage-first heap   total 229376K, used 20802K [0x0000000720c00000, 0x0000000800000000)
  region size 1024K, 7 young (7168K), 7 survivors (7168K)
 Metaspace       used 32564K, capacity 32991K, committed 33148K, reserved 1079296K
  class space    used 4013K, capacity 4182K, committed 4220K, reserved 1048576K
}
Event: 15.164 GC heap before
{Heap before GC invocations=4 (full 0):
 garbage-first heap   total 229376K, used 24898K [0x0000000720c00000, 0x0000000800000000)
  region size 1024K, 11 young (11264K), 7 survivors (7168K)
 Metaspace       used 33702K, capacity 34175K, committed 34428K, reserved 1079296K
  class space    used 4148K, capacity 4342K, committed 4476K, reserved 1048576K
}
Event: 15.180 GC heap after
{Heap after GC invocations=5 (full 0):
 garbage-first heap   total 229376K, used 21996K [0x0000000720c00000, 0x0000000800000000)
  region size 1024K, 1 young (1024K), 1 survivors (1024K)
 Metaspace       used 33702K, capacity 34175K, committed 34428K, reserved 1079296K
  class space    used 4148K, capacity 4342K, committed 4476K, reserved 1048576K
}
Event: 16.437 GC heap before
{Heap before GC invocations=5 (full 0):
 garbage-first heap   total 229376K, used 31212K [0x0000000720c00000, 0x0000000800000000)
  region size 1024K, 11 young (11264K), 1 survivors (1024K)
 Metaspace       used 35497K, capacity 35882K, committed 36048K, reserved 1081344K
  class space    used 4322K, capacity 4506K, committed 4604K, reserved 1048576K
}
Event: 16.440 GC heap after
{Heap after GC invocations=6 (full 0):
 garbage-first heap   total 229376K, used 20596K [0x0000000720c00000, 0x0000000800000000)
  region size 1024K, 2 young (2048K), 2 survivors (2048K)
 Metaspace       used 35497K, capacity 35882K, committed 36048K, reserved 1081344K
  class space    used 4322K, capacity 4506K, committed 4604K, reserved 1048576K
}

