# JRE version: OpenJDK Runtime Environment Microsoft-7208460 (11.0.18+10) (build 11.0.18+10-LTS)
# Java VM: OpenJDK 64-Bit Server VM Microsoft-7208460 (11.0.18+10-LTS, mixed mode, tiered, compressed oops, g1 gc, windows-amd64)
Heap:
 garbage-first heap   total 229376K, used 61832K [0x0000000720c00000, 0x0000000800000000)
  region size 1024K, 42 young (43008K), 10 survivors (10240K)
 Metaspace       used 51320K, capacity 51977K, committed 52096K, reserved 1095680K
  class space    used 5912K, capacity 6190K, committed 6272K, reserved 1048576K
GC Heap History (12 events):
Event: 2.612 GC heap before
{Heap before GC invocations=0 (full 0):
 garbage-first heap   total 229376K, used 27648K [0x0000000720c00000, 0x0000000800000000)
  region size 1024K, 24 young (24576K), 0 survivors (0K)
 Metaspace       used 12329K, capacity 12405K, committed 12544K, reserved 1060864K
  class space    used 1144K, capacity 1174K, committed 1280K, reserved 1048576K
}
Event: 2.631 GC heap after
{Heap after GC invocations=1 (full 0):
 garbage-first heap   total 229376K, used 5875K [0x0000000720c00000, 0x0000000800000000)
  region size 1024K, 3 young (3072K), 3 survivors (3072K)
 Metaspace       used 12329K, capacity 12405K, committed 12544K, reserved 1060864K
  class space    used 1144K, capacity 1174K, committed 1280K, reserved 1048576K
}
Event: 6.790 GC heap before
{Heap before GC invocations=1 (full 0):
 garbage-first heap   total 229376K, used 41715K [0x0000000720c00000, 0x0000000800000000)
  region size 1024K, 39 young (39936K), 3 survivors (3072K)
 Metaspace       used 21005K, capacity 21183K, committed 21248K, reserved 1069056K
  class space    used 2193K, capacity 2280K, committed 2304K, reserved 1048576K
}
Event: 6.805 GC heap after
{Heap after GC invocations=2 (full 0):
 garbage-first heap   total 229376K, used 9282K [0x0000000720c00000, 0x0000000800000000)
  region size 1024K, 7 young (7168K), 7 survivors (7168K)
 Metaspace       used 21005K, capacity 21183K, committed 21248K, reserved 1069056K
  class space    used 2193K, capacity 2280K, committed 2304K, reserved 1048576K
}
Event: 13.184 GC heap before
{Heap before GC invocations=3 (full 0):
 garbage-first heap   total 229376K, used 64578K [0x0000000720c00000, 0x0000000800000000)
  region size 1024K, 56 young (57344K), 7 survivors (7168K)
 Metaspace       used 33263K, capacity 33645K, committed 33792K, reserved 1079296K
  class space    used 4098K, capacity 4276K, committed 4352K, reserved 1048576K
}
Event: 13.201 GC heap after
{Heap after GC invocations=4 (full 0):
 garbage-first heap   total 229376K, used 20439K [0x0000000720c00000, 0x0000000800000000)
  region size 1024K, 7 young (7168K), 7 survivors (7168K)
 Metaspace       used 33263K, capacity 33645K, committed 33792K, reserved 1079296K
  class space    used 4098K, capacity 4276K, committed 4352K, reserved 1048576K
}
Event: 13.564 GC heap before
{Heap before GC invocations=4 (full 0):
 garbage-first heap   total 229376K, used 24535K [0x0000000720c00000, 0x0000000800000000)
  region size 1024K, 11 young (11264K), 7 survivors (7168K)
 Metaspace       used 34013K, capacity 34445K, committed 34688K, reserved 1079296K
  class space    used 4170K, capacity 4372K, committed 4480K, reserved 1048576K
}
Event: 13.581 GC heap after
{Heap after GC invocations=5 (full 0):
 garbage-first heap   total 229376K, used 22588K [0x0000000720c00000, 0x0000000800000000)
  region size 1024K, 2 young (2048K), 2 survivors (2048K)
 Metaspace       used 34013K, capacity 34445K, committed 34688K, reserved 1079296K
  class space    used 4170K, capacity 4372K, committed 4480K, reserved 1048576K
}
Event: 14.271 GC heap before
{Heap before GC invocations=5 (full 0):
 garbage-first heap   total 229376K, used 28732K [0x0000000720c00000, 0x0000000800000000)
  region size 1024K, 9 young (9216K), 2 survivors (2048K)
 Metaspace       used 35289K, capacity 35736K, committed 35840K, reserved 1081344K
  class space    used 4313K, capacity 4504K, committed 4608K, reserved 1048576K
}
Event: 14.274 GC heap after
{Heap after GC invocations=6 (full 0):
 garbage-first heap   total 229376K, used 20367K [0x0000000720c00000, 0x0000000800000000)
  region size 1024K, 2 young (2048K), 2 survivors (2048K)
 Metaspace       used 35289K, capacity 35736K, committed 35840K, reserved 1081344K
  class space    used 4313K, capacity 4504K, committed 4608K, reserved 1048576K
}
Event: 27.914 GC heap before
{Heap before GC invocations=7 (full 0):
 garbage-first heap   total 229376K, used 97167K [0x0000000720c00000, 0x0000000800000000)
  region size 1024K, 74 young (75776K), 2 survivors (2048K)
 Metaspace       used 50556K, capacity 51169K, committed 51328K, reserved 1093632K
  class space    used 5877K, capacity 6157K, committed 6272K, reserved 1048576K
}
Event: 27.930 GC heap after
{Heap after GC invocations=8 (full 0):
 garbage-first heap   total 229376K, used 30088K [0x0000000720c00000, 0x0000000800000000)
  region size 1024K, 10 young (10240K), 10 survivors (10240K)
 Metaspace       used 50556K, capacity 51169K, committed 51328K, reserved 1093632K
  class space    used 5877K, capacity 6157K, committed 6272K, reserved 1048576K
}

